<?xml version="1.0" encoding="UTF-8"?>
<coverage generated="1780240592589" clover="3.2.0">
  <project timestamp="1780240592589" name="All files">
    <metrics statements="66" coveredstatements="64" conditionals="27" coveredconditionals="26" methods="11" coveredmethods="10" elements="104" coveredelements="100" complexity="0" loc="66" ncloc="66" packages="2" files="3" classes="3"/>
    <package name="src">
      <metrics statements="53" coveredstatements="51" conditionals="24" coveredconditionals="23" methods="6" coveredmethods="5"/>
      <file name="calculator.js" path="/home/buzz/Documents/bootcamp_ynov/cours_tests/seance_29_mai/calculatorapi-js/src/calculator.js">
        <metrics statements="7" coveredstatements="7" conditionals="2" coveredconditionals="2" methods="4" coveredmethods="4"/>
        <line num="4" count="11" type="stmt"/>
        <line num="7" count="4" type="stmt"/>
        <line num="10" count="5" type="stmt"/>
        <line num="13" count="7" type="cond" truecount="2" falsecount="0"/>
        <line num="14" count="2" type="stmt"/>
        <line num="16" count="5" type="stmt"/>
        <line num="20" count="2" type="stmt"/>
      </file>
      <file name="server.js" path="/home/buzz/Documents/bootcamp_ynov/cours_tests/seance_29_mai/calculatorapi-js/src/server.js">
        <metrics statements="46" coveredstatements="44" conditionals="22" coveredconditionals="21" methods="2" coveredmethods="1"/>
        <line num="1" count="1" type="stmt"/>
        <line num="2" count="1" type="stmt"/>
        <line num="3" count="1" type="stmt"/>
        <line num="5" count="1" type="stmt"/>
        <line num="9" count="32" type="stmt"/>
        <line num="10" count="32" type="stmt"/>
        <line num="11" count="32" type="stmt"/>
        <line num="12" count="32" type="stmt"/>
        <line num="15" count="32" type="cond" truecount="2" falsecount="0"/>
        <line num="16" count="1" type="stmt"/>
        <line num="17" count="1" type="stmt"/>
        <line num="21" count="31" type="cond" truecount="2" falsecount="0"/>
        <line num="22" count="2" type="stmt"/>
        <line num="23" count="2" type="stmt"/>
        <line num="24" count="2" type="stmt"/>
        <line num="28" count="29" type="stmt"/>
        <line num="29" count="29" type="stmt"/>
        <line num="30" count="29" type="stmt"/>
        <line num="33" count="29" type="cond" truecount="2" falsecount="0"/>
        <line num="34" count="4" type="stmt"/>
        <line num="35" count="4" type="stmt"/>
        <line num="38" count="25" type="stmt"/>
        <line num="41" count="25" type="cond" truecount="8" falsecount="0"/>
        <line num="42" count="4" type="stmt"/>
        <line num="43" count="4" type="stmt"/>
        <line num="47" count="21" type="stmt"/>
        <line num="48" count="21" type="stmt"/>
        <line num="50" count="21" type="cond" truecount="4" falsecount="0"/>
        <line num="51" count="4" type="stmt"/>
        <line num="52" count="4" type="stmt"/>
        <line num="56" count="17" type="stmt"/>
        <line num="57" count="17" type="cond" truecount="2" falsecount="0"/>
        <line num="58" count="1" type="stmt"/>
        <line num="59" count="1" type="stmt"/>
        <line num="62" count="16" type="stmt"/>
        <line num="64" count="16" type="stmt"/>
        <line num="67" count="16" type="stmt"/>
        <line num="70" count="15" type="stmt"/>
        <line num="71" count="15" type="stmt"/>
        <line num="80" count="1" type="stmt"/>
        <line num="81" count="1" type="stmt"/>
        <line num="86" count="1" type="stmt"/>
        <line num="89" count="1" type="stmt"/>
        <line num="91" count="1" type="cond" truecount="1" falsecount="1"/>
        <line num="92" count="0" type="stmt"/>
        <line num="93" count="0" type="stmt"/>
      </file>
    </package>
    <package name="tests.helpers">
      <metrics statements="13" coveredstatements="13" conditionals="3" coveredconditionals="3" methods="5" coveredmethods="5"/>
      <file name="http.js" path="/home/buzz/Documents/bootcamp_ynov/cours_tests/seance_29_mai/calculatorapi-js/tests/helpers/http.js">
        <metrics statements="13" coveredstatements="13" conditionals="3" coveredconditionals="3" methods="5" coveredmethods="5"/>
        <line num="1" count="1" type="stmt"/>
        <line num="14" count="32" type="stmt"/>
        <line num="15" count="32" type="stmt"/>
        <line num="16" count="32" type="stmt"/>
        <line num="17" count="32" type="stmt"/>
        <line num="24" count="32" type="stmt"/>
        <line num="25" count="32" type="stmt"/>
        <line num="27" count="31" type="stmt"/>
        <line num="30" count="32" type="stmt"/>
        <line num="31" count="32" type="stmt"/>
        <line num="40" count="32" type="stmt"/>
        <line num="41" count="32" type="stmt"/>
        <line num="46" count="1" type="stmt"/>
      </file>
    </package>
  </project>
</coverage>
