TN:
SF:src/calculator.js
FN:3,(anonymous_0)
FN:6,(anonymous_1)
FN:9,(anonymous_2)
FN:12,(anonymous_3)
FNF:4
FNH:4
FNDA:11,(anonymous_0)
FNDA:4,(anonymous_1)
FNDA:5,(anonymous_2)
FNDA:7,(anonymous_3)
DA:4,11
DA:7,4
DA:10,5
DA:13,7
DA:14,2
DA:16,5
DA:20,2
LF:7
LH:7
BRDA:13,0,0,2
BRDA:13,0,1,5
BRF:2
BRH:2
end_of_record
TN:
SF:src/server.js
FN:7,requestHandler
FN:92,(anonymous_1)
FNF:2
FNH:1
FNDA:32,requestHandler
FNDA:0,(anonymous_1)
DA:1,1
DA:2,1
DA:3,1
DA:5,1
DA:9,32
DA:10,32
DA:11,32
DA:12,32
DA:15,32
DA:16,1
DA:17,1
DA:21,31
DA:22,2
DA:23,2
DA:24,2
DA:28,29
DA:29,29
DA:30,29
DA:33,29
DA:34,4
DA:35,4
DA:38,25
DA:41,25
DA:42,4
DA:43,4
DA:47,21
DA:48,21
DA:50,21
DA:51,4
DA:52,4
DA:56,17
DA:57,17
DA:58,1
DA:59,1
DA:62,16
DA:64,16
DA:67,16
DA:70,15
DA:71,15
DA:80,1
DA:81,1
DA:86,1
DA:89,1
DA:91,1
DA:92,0
DA:93,0
LF:46
LH:44
BRDA:15,0,0,1
BRDA:15,0,1,31
BRDA:21,1,0,2
BRDA:21,1,1,29
BRDA:33,2,0,4
BRDA:33,2,1,25
BRDA:41,3,0,4
BRDA:41,3,1,21
BRDA:41,4,0,25
BRDA:41,4,1,24
BRDA:41,4,2,23
BRDA:41,4,3,21
BRDA:41,4,4,21
BRDA:41,4,5,21
BRDA:50,5,0,4
BRDA:50,5,1,17
BRDA:50,6,0,21
BRDA:50,6,1,18
BRDA:57,7,0,1
BRDA:57,7,1,16
BRDA:91,8,0,0
BRDA:91,8,1,1
BRF:22
BRH:21
end_of_record
TN:
SF:tests/helpers/http.js
FN:13,request
FN:14,(anonymous_1)
FN:23,(anonymous_2)
FN:26,(anonymous_3)
FN:31,(anonymous_4)
FNF:5
FNH:5
FNDA:32,request
FNDA:32,(anonymous_1)
FNDA:32,(anonymous_2)
FNDA:31,(anonymous_3)
FNDA:32,(anonymous_4)
DA:1,1
DA:14,32
DA:15,32
DA:16,32
DA:17,32
DA:24,32
DA:25,32
DA:27,31
DA:30,32
DA:31,32
DA:40,32
DA:41,32
DA:46,1
LF:13
LH:13
BRDA:13,0,0,29
BRDA:34,1,0,31
BRDA:34,1,1,1
BRF:3
BRH:3
end_of_record
